<?xml version="1.0" encoding="UTF-8"?>
<!-- Generated by org.testng.reporters.JUnitReportReporter -->
<testsuite skipped="0" hostname="DESKTOP-57JP6AC" name="mavenPackage.TestScript2_Matrimony" tests="3" failures="0" timestamp="2020-05-07T21:39:00 IST" time="0.006" errors="0">
  <testcase name="Matrimony_Register" time="0.003" classname="mavenPackage.TestScript2_Matrimony"/>
  <system-out/>
  <testcase name="Matrimony_LogIn" time="0.001" classname="mavenPackage.TestScript2_Matrimony"/>
  <system-out/>
  <testcase name="Matrimony_Display" time="0.002" classname="mavenPackage.TestScript2_Matrimony"/>
  <system-out/>
</testsuite> <!-- mavenPackage.TestScript2_Matrimony -->
