<?xml version="1.0" encoding="UTF-8"?>
<!-- Generated by org.testng.reporters.JUnitReportReporter -->
<testsuite skipped="0" hostname="DESKTOP-57JP6AC" name="mavenPackage.TestScript3_Travel" tests="3" failures="0" timestamp="2020-05-07T21:39:00 IST" time="0.007" errors="0">
  <testcase name="Travel_Display" time="0.002" classname="mavenPackage.TestScript3_Travel"/>
  <system-out/>
  <testcase name="Travel_LogIn" time="0.001" classname="mavenPackage.TestScript3_Travel"/>
  <system-out/>
  <testcase name="Travel_Register" time="0.004" classname="mavenPackage.TestScript3_Travel"/>
  <system-out/>
</testsuite> <!-- mavenPackage.TestScript3_Travel -->
