<?xml version="1.0" encoding="UTF-8"?>
<!-- Generated by org.testng.reporters.JUnitReportReporter -->
<testsuite skipped="2" hostname="DESKTOP-57JP6AC" name="mavenPackage.ArithmaticTest" tests="8" failures="0" timestamp="2020-05-21T09:05:32 IST" time="0.013" errors="0">
  <testcase name="mult" time="0.001" classname="mavenPackage.ArithmaticTest"/>
  <system-out/>
  <testcase name="div" time="0.002" classname="mavenPackage.ArithmaticTest"/>
  <system-out/>
  <testcase name="div" time="0.002" classname="mavenPackage.ArithmaticTest"/>
  <system-out/>
  <testcase name="add" time="0.003" classname="mavenPackage.ArithmaticTest"/>
  <system-out/>
  <testcase name="add" time="0.002" classname="mavenPackage.ArithmaticTest"/>
  <system-out/>
  <testcase name="mult" time="0.003" classname="mavenPackage.ArithmaticTest"/>
  <system-out/>
  <testcase name="sub" classname="mavenPackage.ArithmaticTest">
    <skipped/>
  </testcase> <!-- sub -->
  <system-out/>
  <testcase name="sub" classname="mavenPackage.ArithmaticTest">
    <skipped/>
  </testcase> <!-- sub -->
  <system-out/>
</testsuite> <!-- mavenPackage.ArithmaticTest -->
