<?xml version="1.0" encoding="UTF-8"?>
<!-- Generated by org.testng.reporters.JUnitReportReporter -->
<testsuite skipped="0" hostname="DESKTOP-57JP6AC" name="mavenPackage.TestScript1_ArithmaticOperations" tests="3" failures="0" timestamp="2020-05-07T21:39:00 IST" time="0.014" errors="0">
  <testcase name="sub" time="0.004" classname="mavenPackage.TestScript1_ArithmaticOperations"/>
  <system-out/>
  <testcase name="Mult" time="0.008" classname="mavenPackage.TestScript1_ArithmaticOperations"/>
  <system-out/>
  <testcase name="add" time="0.002" classname="mavenPackage.TestScript1_ArithmaticOperations"/>
  <system-out/>
</testsuite> <!-- mavenPackage.TestScript1_ArithmaticOperations -->
