<?xml version="1.0" encoding="UTF-8"?>
<!-- Generated by org.testng.reporters.JUnitReportReporter -->
<testsuite skipped="0" hostname="DESKTOP-57JP6AC" name="mavenPackage.TravelTest" tests="2" failures="0" timestamp="2020-05-21T09:05:32 IST" time="0.018" errors="0">
  <testcase name="TravelRegister" time="0.014" classname="mavenPackage.TravelTest"/>
  <system-out/>
  <testcase name="EnjoyTravelling" time="0.004" classname="mavenPackage.TravelTest"/>
  <system-out/>
</testsuite> <!-- mavenPackage.TravelTest -->
