<?xml version="1.0" encoding="UTF-8"?>
<!-- Generated by org.testng.reporters.JUnitReportReporter -->
<testsuite skipped="0" hostname="DESKTOP-57JP6AC" name="mavenPackage.TestScript4_Emotions" tests="2" failures="0" timestamp="2020-05-07T21:39:00 IST" time="0.001" errors="0">
  <testcase name="HappyMessage" time="0.001" classname="mavenPackage.TestScript4_Emotions"/>
  <system-out/>
  <testcase name="SadMessage" time="0.000" classname="mavenPackage.TestScript4_Emotions"/>
  <system-out/>
</testsuite> <!-- mavenPackage.TestScript4_Emotions -->
