<?xml version="1.0" encoding="UTF-8"?>
<!-- Generated by org.testng.reporters.JUnitReportReporter -->
<testsuite skipped="0" hostname="DESKTOP-57JP6AC" name="mavenPackage.MatrimonyTest" tests="2" failures="0" timestamp="2020-05-21T09:06:36 IST" time="0.001" errors="0">
  <testcase name="registerMatrimony" time="0.001" classname="mavenPackage.MatrimonyTest"/>
  <system-out/>
  <testcase name="enjoyMatrimony" time="0.000" classname="mavenPackage.MatrimonyTest"/>
  <system-out/>
</testsuite> <!-- mavenPackage.MatrimonyTest -->
