<?xml version="1.0" encoding="UTF-8"?>
<!-- Generated by org.testng.reporters.JUnitReportReporter -->
<testsuite skipped="0" hostname="DESKTOP-57JP6AC" name="mavenPackage.CricketTest" tests="2" failures="0" timestamp="2020-05-21T09:06:36 IST" time="0.000" errors="0">
  <testcase name="CricketRegister" time="0.000" classname="mavenPackage.CricketTest"/>
  <system-out/>
  <testcase name="CricketRegister" time="0.000" classname="mavenPackage.CricketTest"/>
  <system-out/>
</testsuite> <!-- mavenPackage.CricketTest -->
